<?xml version="1.0" encoding="UTF-8"?>
<!-- Generated by org.testng.reporters.JUnitReportReporter -->
<testsuite hostname="somesh-PC" name="com.vasu.testng.MultipleTestCases" tests="3" failures="0" timestamp="3 Jul 2018 06:59:04 GMT" time="0.005" errors="0">
  <testcase name="appLogin" time="0.003" classname="com.vasu.testng.MultipleTestCases"/>
  <testcase name="appLaunch" time="0.001" classname="com.vasu.testng.MultipleTestCases"/>
  <testcase name="appClose" time="0.001" classname="com.vasu.testng.MultipleTestCases"/>
</testsuite> <!-- com.vasu.testng.MultipleTestCases -->
