<?xml version="1.0" encoding="UTF-8"?>
<!-- Generated by org.testng.reporters.JUnitReportReporter -->
<testsuite hostname="somesh-PC" name="com.vasu.testng.FirstTestNg" tests="1" failures="0" timestamp="3 Jul 2018 06:59:04 GMT" time="0.006" errors="0">
  <testcase name="firstTest" time="0.006" classname="com.vasu.testng.FirstTestNg"/>
</testsuite> <!-- com.vasu.testng.FirstTestNg -->
