<?xml version="1.0" encoding="UTF-8"?>
<!-- Generated by org.testng.reporters.JUnitReportReporter -->
<testsuite hostname="somesh-PC" name="com.vasu.testng.AnnotationsTest" tests="2" failures="0" timestamp="3 Jul 2018 06:59:04 GMT" time="0.008" errors="0">
  <testcase name="metho1" time="0.004" classname="com.vasu.testng.AnnotationsTest"/>
  <testcase name="metho2" time="0.004" classname="com.vasu.testng.AnnotationsTest"/>
</testsuite> <!-- com.vasu.testng.AnnotationsTest -->
