<?xml version="1.0" encoding="UTF-8"?>
<!-- Generated by org.testng.reporters.JUnitReportReporter -->
<testsuite hostname="somesh-PC" name="com.vasu.testng.ValidationTest" tests="1" failures="0" timestamp="3 Jul 2018 06:59:04 GMT" time="0.001" errors="0">
  <testcase name="validation" time="0.001" classname="com.vasu.testng.ValidationTest"/>
</testsuite> <!-- com.vasu.testng.ValidationTest -->
