<?xml version="1.0" encoding="UTF-8"?>
<!-- Generated by org.testng.reporters.JUnitReportReporter -->
<testsuite hostname="somesh-PC" name="com.vasu.testng.EmpListTest" tests="1" failures="0" timestamp="14 Jul 2018 05:56:10 GMT" time="2.665" errors="0">
  <testcase name="empList" time="2.665" classname="com.vasu.testng.EmpListTest"/>
</testsuite> <!-- com.vasu.testng.EmpListTest -->
