<?xml version="1.0" encoding="UTF-8"?>
<!-- Generated by org.testng.reporters.JUnitReportReporter -->
<testsuite hostname="somesh-PC" name="com.vasu.testng.AdminLoginTest" tests="1" failures="0" timestamp="3 Jul 2018 06:15:59 GMT" time="11.652" errors="0">
  <testcase name="adminLogin" time="11.652" classname="com.vasu.testng.AdminLoginTest"/>
</testsuite> <!-- com.vasu.testng.AdminLoginTest -->
