<?xml version="1.0" encoding="UTF-8"?>
<!-- Generated by org.testng.reporters.JUnitReportReporter -->
<testsuite hostname="somesh-PC" name="com.vasu.funlibrary.WriteTest" tests="1" failures="0" timestamp="4 Jul 2018 06:30:31 GMT" time="0.559" errors="1">
  <testcase name="write" time="0.559" classname="com.vasu.funlibrary.WriteTest">
    <error type="org.apache.poi.POIXMLException" message="java.lang.NullPointerException">
      <![CDATA[org.apache.poi.POIXMLException: java.lang.NullPointerException
	at org.apache.poi.POIXMLDocument.getProperties(POIXMLDocument.java:147)
	at org.apache.poi.POIXMLDocument.write(POIXMLDocument.java:225)
	at com.vasu.funlibrary.WriteTest.write(WriteTest.java:29)
	at sun.reflect.NativeMethodAccessorImpl.invoke0(Native Method)
	at sun.reflect.NativeMethodAccessorImpl.invoke(Unknown Source)
	at sun.reflect.DelegatingMethodAccessorImpl.invoke(Unknown Source)
	at java.lang.reflect.Method.invoke(Unknown Source)
	at org.testng.internal.MethodInvocationHelper.invokeMethod(MethodInvocationHelper.java:85)
	at org.testng.internal.Invoker.invokeMethod(Invoker.java:639)
	at org.testng.internal.Invoker.invokeTestMethod(Invoker.java:816)
	at org.testng.internal.Invoker.invokeTestMethods(Invoker.java:1124)
	at org.testng.internal.TestMethodWorker.invokeTestMethods(TestMethodWorker.java:125)
	at org.testng.internal.TestMethodWorker.run(TestMethodWorker.java:108)
	at org.testng.TestRunner.privateRun(TestRunner.java:774)
	at org.testng.TestRunner.run(TestRunner.java:624)
	at org.testng.SuiteRunner.runTest(SuiteRunner.java:359)
	at org.testng.SuiteRunner.runSequentially(SuiteRunner.java:354)
	at org.testng.SuiteRunner.privateRun(SuiteRunner.java:312)
	at org.testng.SuiteRunner.run(SuiteRunner.java:261)
	at org.testng.SuiteRunnerWorker.runSuite(SuiteRunnerWorker.java:52)
	at org.testng.SuiteRunnerWorker.run(SuiteRunnerWorker.java:86)
	at org.testng.TestNG.runSuitesSequentially(TestNG.java:1215)
	at org.testng.TestNG.runSuitesLocally(TestNG.java:1140)
	at org.testng.TestNG.run(TestNG.java:1048)
	at org.testng.remote.AbstractRemoteTestNG.run(AbstractRemoteTestNG.java:114)
	at org.testng.remote.RemoteTestNG.initAndRun(RemoteTestNG.java:251)
	at org.testng.remote.RemoteTestNG.main(RemoteTestNG.java:77)
Caused by: java.lang.NullPointerException
	at org.apache.poi.openxml4j.util.ZipSecureFile$ThresholdInputStream.read(ZipSecureFile.java:211)
	at com.sun.org.apache.xerces.internal.impl.XMLEntityManager$RewindableInputStream.read(Unknown Source)
	at com.sun.org.apache.xerces.internal.impl.XMLEntityManager.setupCurrentEntity(Unknown Source)
	at com.sun.org.apache.xerces.internal.impl.XMLVersionDetector.determineDocVersion(Unknown Source)
	at com.sun.org.apache.xerces.internal.parsers.XML11Configuration.parse(Unknown Source)
	at com.sun.org.apache.xerces.internal.parsers.XML11Configuration.parse(Unknown Source)
	at com.sun.org.apache.xerces.internal.parsers.XMLParser.parse(Unknown Source)
	at com.sun.org.apache.xerces.internal.parsers.DOMParser.parse(Unknown Source)
	at com.sun.org.apache.xerces.internal.jaxp.DocumentBuilderImpl.parse(Unknown Source)
	at javax.xml.parsers.DocumentBuilder.parse(Unknown Source)
	at org.apache.poi.util.DocumentHelper.readDocument(DocumentHelper.java:140)
	at org.apache.poi.POIXMLTypeLoader.parse(POIXMLTypeLoader.java:163)
	at org.openxmlformats.schemas.officeDocument.x2006.extendedProperties.PropertiesDocument$Factory.parse(Unknown Source)
	at org.apache.poi.POIXMLProperties.<init>(POIXMLProperties.java:78)
	at org.apache.poi.POIXMLDocument.getProperties(POIXMLDocument.java:145)
	... 26 more
]]>
    </error>
  </testcase> <!-- write -->
</testsuite> <!-- com.vasu.funlibrary.WriteTest -->
