<?xml version="1.0" encoding="UTF-8"?>
<!-- Generated by org.testng.reporters.JUnitReportReporter -->
<testsuite hostname="somesh-PC" name="com.vasu.testng.AddEmpTest" tests="1" failures="0" timestamp="14 Jul 2018 05:56:10 GMT" time="80.940" errors="0">
  <testcase name="empAdd" time="80.940" classname="com.vasu.testng.AddEmpTest"/>
</testsuite> <!-- com.vasu.testng.AddEmpTest -->
