<?xml version="1.0" encoding="UTF-8"?>
<!-- Generated by org.testng.reporters.JUnitReportReporter -->
<testsuite hostname="somesh-PC" name="com.vasu.testng.AdminLogin" tests="1" failures="0" timestamp="3 Jul 2018 06:59:04 GMT" time="2.271" errors="0">
  <testcase name="appLogin" time="2.271" classname="com.vasu.testng.AdminLogin"/>
</testsuite> <!-- com.vasu.testng.AdminLogin -->
