<?xml version="1.0" encoding="UTF-8"?>
<!-- Generated by org.testng.reporters.JUnitReportReporter -->
<testsuite hostname="somesh-PC" name="com.vasu.funlibrary.ReadingTest" tests="1" failures="0" timestamp="4 Jul 2018 06:15:11 GMT" time="0.484" errors="0">
  <testcase name="read" time="0.484" classname="com.vasu.funlibrary.ReadingTest"/>
</testsuite> <!-- com.vasu.funlibrary.ReadingTest -->
