<?xml version="1.0" encoding="UTF-8"?>
<!-- Generated by org.testng.reporters.JUnitReportReporter -->
<testsuite hostname="somesh-PC" name="com.vasu.testng.BeforAndAfterTest" tests="1" failures="0" timestamp="3 Jul 2018 06:25:04 GMT" time="2.023" errors="0">
  <testcase name="appLogin" time="2.023" classname="com.vasu.testng.BeforAndAfterTest"/>
</testsuite> <!-- com.vasu.testng.BeforAndAfterTest -->
